Epoch: [0]  [  0/442]  eta: 0:02:15  lr: 0.000016  loss: 3.5785 (3.5785)  loss_classifier: 2.7388 (2.7388)  loss_box_reg: 0.6467 (0.6467)  loss_objectness: 0.1441 (0.1441)  loss_rpn_box_reg: 0.0489 (0.0489)  time: 0.3058  data: 0.0299  max mem: 2009
Epoch: [0]  [ 10/442]  eta: 0:02:12  lr: 0.000130  loss: 2.9687 (3.1424)  loss_classifier: 2.6196 (2.6148)  loss_box_reg: 0.1949 (0.4125)  loss_objectness: 0.0908 (0.0800)  loss_rpn_box_reg: 0.0372 (0.0350)  time: 0.3074  data: 0.0311  max mem: 2009
Epoch: [0]  [ 20/442]  eta: 0:02:08  lr: 0.000243  loss: 2.5821 (2.5770)  loss_classifier: 2.2733 (2.1315)  loss_box_reg: 0.2060 (0.3430)  loss_objectness: 0.0638 (0.0695)  loss_rpn_box_reg: 0.0266 (0.0332)  time: 0.3039  data: 0.0314  max mem: 2009
Epoch: [0]  [ 30/442]  eta: 0:02:04  lr: 0.000356  loss: 1.5585 (2.1103)  loss_classifier: 1.0138 (1.6472)  loss_box_reg: 0.2876 (0.3630)  loss_objectness: 0.0476 (0.0689)  loss_rpn_box_reg: 0.0251 (0.0313)  time: 0.2998  data: 0.0308  max mem: 2009
Epoch: [0]  [ 40/442]  eta: 0:02:01  lr: 0.000469  loss: 0.8310 (1.8450)  loss_classifier: 0.4734 (1.3756)  loss_box_reg: 0.3001 (0.3723)  loss_objectness: 0.0539 (0.0696)  loss_rpn_box_reg: 0.0175 (0.0275)  time: 0.3003  data: 0.0305  max mem: 2009
Epoch: [0]  [ 50/442]  eta: 0:01:57  lr: 0.000583  loss: 1.2474 (1.7912)  loss_classifier: 0.6149 (1.2593)  loss_box_reg: 0.5743 (0.4398)  loss_objectness: 0.0503 (0.0667)  loss_rpn_box_reg: 0.0142 (0.0255)  time: 0.2985  data: 0.0318  max mem: 2009
Epoch: [0]  [ 60/442]  eta: 0:01:54  lr: 0.000696  loss: 1.4641 (1.7419)  loss_classifier: 0.7263 (1.1763)  loss_box_reg: 0.6718 (0.4801)  loss_objectness: 0.0332 (0.0617)  loss_rpn_box_reg: 0.0140 (0.0238)  time: 0.2968  data: 0.0318  max mem: 2009
Epoch: [0]  [ 70/442]  eta: 0:01:52  lr: 0.000809  loss: 1.1687 (1.6728)  loss_classifier: 0.6385 (1.0983)  loss_box_reg: 0.5773 (0.4939)  loss_objectness: 0.0299 (0.0582)  loss_rpn_box_reg: 0.0132 (0.0224)  time: 0.3045  data: 0.0311  max mem: 2009
Epoch: [0]  [ 80/442]  eta: 0:01:48  lr: 0.000922  loss: 1.1668 (1.6625)  loss_classifier: 0.5526 (1.0595)  loss_box_reg: 0.5633 (0.5255)  loss_objectness: 0.0289 (0.0564)  loss_rpn_box_reg: 0.0127 (0.0212)  time: 0.3026  data: 0.0303  max mem: 2009
Epoch: [0]  [ 90/442]  eta: 0:01:46  lr: 0.001036  loss: 0.9576 (1.5998)  loss_classifier: 0.5094 (1.0034)  loss_box_reg: 0.4079 (0.5215)  loss_objectness: 0.0300 (0.0546)  loss_rpn_box_reg: 0.0109 (0.0202)  time: 0.3001  data: 0.0296  max mem: 2009
Epoch: [0]  [100/442]  eta: 0:01:43  lr: 0.001149  loss: 0.8181 (1.5539)  loss_classifier: 0.4140 (0.9627)  loss_box_reg: 0.3796 (0.5197)  loss_objectness: 0.0290 (0.0520)  loss_rpn_box_reg: 0.0095 (0.0194)  time: 0.3062  data: 0.0301  max mem: 2009
Epoch: [0]  [110/442]  eta: 0:01:40  lr: 0.001262  loss: 0.7141 (1.4817)  loss_classifier: 0.3551 (0.9121)  loss_box_reg: 0.2983 (0.4997)  loss_objectness: 0.0268 (0.0513)  loss_rpn_box_reg: 0.0078 (0.0186)  time: 0.3096  data: 0.0308  max mem: 2009
Epoch: [0]  [120/442]  eta: 0:01:37  lr: 0.001376  loss: 0.6325 (1.4099)  loss_classifier: 0.3266 (0.8637)  loss_box_reg: 0.2414 (0.4782)  loss_objectness: 0.0341 (0.0501)  loss_rpn_box_reg: 0.0089 (0.0179)  time: 0.3120  data: 0.0314  max mem: 2009
Epoch: [0]  [130/442]  eta: 0:01:34  lr: 0.001489  loss: 0.5940 (1.3465)  loss_classifier: 0.3210 (0.8224)  loss_box_reg: 0.2133 (0.4576)  loss_objectness: 0.0375 (0.0492)  loss_rpn_box_reg: 0.0103 (0.0174)  time: 0.3108  data: 0.0311  max mem: 2009
Epoch: [0]  [140/442]  eta: 0:01:31  lr: 0.001602  loss: 0.6143 (1.3044)  loss_classifier: 0.3331 (0.7950)  loss_box_reg: 0.2375 (0.4449)  loss_objectness: 0.0328 (0.0476)  loss_rpn_box_reg: 0.0092 (0.0169)  time: 0.3060  data: 0.0308  max mem: 2009
Epoch: [0]  [150/442]  eta: 0:01:28  lr: 0.001715  loss: 0.7697 (1.2697)  loss_classifier: 0.4336 (0.7715)  loss_box_reg: 0.2888 (0.4347)  loss_objectness: 0.0263 (0.0469)  loss_rpn_box_reg: 0.0082 (0.0166)  time: 0.2974  data: 0.0305  max mem: 2009
Epoch: [0]  [160/442]  eta: 0:01:25  lr: 0.001829  loss: 0.6552 (1.2321)  loss_classifier: 0.3775 (0.7476)  loss_box_reg: 0.2445 (0.4217)  loss_objectness: 0.0263 (0.0465)  loss_rpn_box_reg: 0.0085 (0.0163)  time: 0.2975  data: 0.0301  max mem: 2009
Epoch: [0]  [170/442]  eta: 0:01:22  lr: 0.001942  loss: 0.5049 (1.2032)  loss_classifier: 0.2881 (0.7292)  loss_box_reg: 0.1757 (0.4124)  loss_objectness: 0.0201 (0.0456)  loss_rpn_box_reg: 0.0113 (0.0160)  time: 0.3034  data: 0.0299  max mem: 2009
Epoch: [0]  [180/442]  eta: 0:01:19  lr: 0.002055  loss: 0.6078 (1.1729)  loss_classifier: 0.3594 (0.7100)  loss_box_reg: 0.2187 (0.4027)  loss_objectness: 0.0151 (0.0443)  loss_rpn_box_reg: 0.0113 (0.0158)  time: 0.3038  data: 0.0297  max mem: 2009
Epoch: [0]  [190/442]  eta: 0:01:16  lr: 0.002168  loss: 0.6078 (1.1412)  loss_classifier: 0.3594 (0.6904)  loss_box_reg: 0.2034 (0.3915)  loss_objectness: 0.0238 (0.0437)  loss_rpn_box_reg: 0.0097 (0.0155)  time: 0.3060  data: 0.0301  max mem: 2009
Epoch: [0]  [200/442]  eta: 0:01:13  lr: 0.002282  loss: 0.4973 (1.1115)  loss_classifier: 0.3119 (0.6720)  loss_box_reg: 0.1699 (0.3817)  loss_objectness: 0.0238 (0.0425)  loss_rpn_box_reg: 0.0101 (0.0153)  time: 0.3101  data: 0.0306  max mem: 2009
Epoch: [0]  [210/442]  eta: 0:01:10  lr: 0.002395  loss: 0.4800 (1.0848)  loss_classifier: 0.2944 (0.6555)  loss_box_reg: 0.1457 (0.3720)  loss_objectness: 0.0186 (0.0423)  loss_rpn_box_reg: 0.0087 (0.0150)  time: 0.3056  data: 0.0306  max mem: 2009
Epoch: [0]  [220/442]  eta: 0:01:07  lr: 0.002508  loss: 0.4028 (1.0538)  loss_classifier: 0.2406 (0.6365)  loss_box_reg: 0.1350 (0.3607)  loss_objectness: 0.0305 (0.0418)  loss_rpn_box_reg: 0.0084 (0.0148)  time: 0.3158  data: 0.0312  max mem: 2009
Epoch: [0]  [230/442]  eta: 0:01:04  lr: 0.002621  loss: 0.4109 (1.0288)  loss_classifier: 0.2450 (0.6215)  loss_box_reg: 0.1350 (0.3513)  loss_objectness: 0.0254 (0.0414)  loss_rpn_box_reg: 0.0090 (0.0146)  time: 0.3245  data: 0.0313  max mem: 2009
Epoch: [0]  [240/442]  eta: 0:01:01  lr: 0.002735  loss: 0.4360 (1.0053)  loss_classifier: 0.2630 (0.6072)  loss_box_reg: 0.1317 (0.3428)  loss_objectness: 0.0253 (0.0407)  loss_rpn_box_reg: 0.0090 (0.0145)  time: 0.3224  data: 0.0304  max mem: 2009
Epoch: [0]  [250/442]  eta: 0:00:58  lr: 0.002848  loss: 0.3919 (0.9830)  loss_classifier: 0.2243 (0.5934)  loss_box_reg: 0.1235 (0.3351)  loss_objectness: 0.0253 (0.0401)  loss_rpn_box_reg: 0.0091 (0.0143)  time: 0.3194  data: 0.0305  max mem: 2009
Epoch: [0]  [260/442]  eta: 0:00:55  lr: 0.002961  loss: 0.3656 (0.9640)  loss_classifier: 0.2049 (0.5820)  loss_box_reg: 0.1298 (0.3281)  loss_objectness: 0.0237 (0.0397)  loss_rpn_box_reg: 0.0095 (0.0141)  time: 0.3087  data: 0.0306  max mem: 2009
Epoch: [0]  [270/442]  eta: 0:00:52  lr: 0.003074  loss: 0.3847 (0.9471)  loss_classifier: 0.2261 (0.5722)  loss_box_reg: 0.1236 (0.3220)  loss_objectness: 0.0188 (0.0390)  loss_rpn_box_reg: 0.0083 (0.0139)  time: 0.3058  data: 0.0306  max mem: 2009
Epoch: [0]  [280/442]  eta: 0:00:49  lr: 0.003188  loss: 0.3937 (0.9278)  loss_classifier: 0.2234 (0.5602)  loss_box_reg: 0.1236 (0.3151)  loss_objectness: 0.0198 (0.0387)  loss_rpn_box_reg: 0.0083 (0.0138)  time: 0.3180  data: 0.0307  max mem: 2009
Epoch: [0]  [290/442]  eta: 0:00:46  lr: 0.003301  loss: 0.4578 (0.9160)  loss_classifier: 0.2633 (0.5539)  loss_box_reg: 0.1347 (0.3105)  loss_objectness: 0.0196 (0.0380)  loss_rpn_box_reg: 0.0080 (0.0136)  time: 0.3192  data: 0.0308  max mem: 2009
Epoch: [0]  [300/442]  eta: 0:00:43  lr: 0.003414  loss: 0.4479 (0.8995)  loss_classifier: 0.2567 (0.5438)  loss_box_reg: 0.1371 (0.3042)  loss_objectness: 0.0234 (0.0379)  loss_rpn_box_reg: 0.0081 (0.0136)  time: 0.3214  data: 0.0309  max mem: 2009
Epoch: [0]  [310/442]  eta: 0:00:40  lr: 0.003528  loss: 0.4177 (0.8842)  loss_classifier: 0.2563 (0.5350)  loss_box_reg: 0.1084 (0.2982)  loss_objectness: 0.0289 (0.0376)  loss_rpn_box_reg: 0.0081 (0.0133)  time: 0.3309  data: 0.0311  max mem: 2009
Epoch: [0]  [320/442]  eta: 0:00:37  lr: 0.003641  loss: 0.3916 (0.8697)  loss_classifier: 0.2457 (0.5267)  loss_box_reg: 0.1038 (0.2926)  loss_objectness: 0.0255 (0.0372)  loss_rpn_box_reg: 0.0065 (0.0132)  time: 0.3278  data: 0.0317  max mem: 2009
Epoch: [0]  [330/442]  eta: 0:00:34  lr: 0.003754  loss: 0.3699 (0.8572)  loss_classifier: 0.2235 (0.5193)  loss_box_reg: 0.1057 (0.2880)  loss_objectness: 0.0184 (0.0369)  loss_rpn_box_reg: 0.0080 (0.0130)  time: 0.3228  data: 0.0315  max mem: 2009
Epoch: [0]  [340/442]  eta: 0:00:31  lr: 0.003867  loss: 0.3444 (0.8427)  loss_classifier: 0.2103 (0.5106)  loss_box_reg: 0.1020 (0.2826)  loss_objectness: 0.0184 (0.0365)  loss_rpn_box_reg: 0.0086 (0.0129)  time: 0.3244  data: 0.0303  max mem: 2009
Epoch: [0]  [350/442]  eta: 0:00:28  lr: 0.003981  loss: 0.3458 (0.8354)  loss_classifier: 0.2103 (0.5071)  loss_box_reg: 0.0960 (0.2795)  loss_objectness: 0.0173 (0.0360)  loss_rpn_box_reg: 0.0080 (0.0128)  time: 0.3235  data: 0.0304  max mem: 2009
Epoch: [0]  [360/442]  eta: 0:00:25  lr: 0.004094  loss: 0.5096 (0.8283)  loss_classifier: 0.3272 (0.5033)  loss_box_reg: 0.1556 (0.2765)  loss_objectness: 0.0164 (0.0358)  loss_rpn_box_reg: 0.0076 (0.0127)  time: 0.3167  data: 0.0304  max mem: 2009
Epoch: [0]  [370/442]  eta: 0:00:22  lr: 0.004207  loss: 0.5179 (0.8201)  loss_classifier: 0.3508 (0.4988)  loss_box_reg: 0.1427 (0.2732)  loss_objectness: 0.0247 (0.0356)  loss_rpn_box_reg: 0.0081 (0.0126)  time: 0.3200  data: 0.0300  max mem: 2009
Epoch: [0]  [380/442]  eta: 0:00:19  lr: 0.004320  loss: 0.5308 (0.8144)  loss_classifier: 0.3521 (0.4957)  loss_box_reg: 0.1789 (0.2710)  loss_objectness: 0.0217 (0.0351)  loss_rpn_box_reg: 0.0077 (0.0125)  time: 0.3154  data: 0.0304  max mem: 2009
Epoch: [0]  [390/442]  eta: 0:00:16  lr: 0.004434  loss: 0.5874 (0.8099)  loss_classifier: 0.3800 (0.4934)  loss_box_reg: 0.1873 (0.2693)  loss_objectness: 0.0200 (0.0348)  loss_rpn_box_reg: 0.0077 (0.0124)  time: 0.3051  data: 0.0303  max mem: 2009
Epoch: [0]  [400/442]  eta: 0:00:13  lr: 0.004547  loss: 0.5710 (0.8054)  loss_classifier: 0.3586 (0.4917)  loss_box_reg: 0.1584 (0.2670)  loss_objectness: 0.0209 (0.0345)  loss_rpn_box_reg: 0.0061 (0.0122)  time: 0.3054  data: 0.0299  max mem: 2009
Epoch: [0]  [410/442]  eta: 0:00:09  lr: 0.004660  loss: 0.4662 (0.7980)  loss_classifier: 0.3270 (0.4877)  loss_box_reg: 0.1211 (0.2640)  loss_objectness: 0.0206 (0.0342)  loss_rpn_box_reg: 0.0069 (0.0121)  time: 0.3092  data: 0.0300  max mem: 2009
Epoch: [0]  [420/442]  eta: 0:00:06  lr: 0.004773  loss: 0.4420 (0.7894)  loss_classifier: 0.2810 (0.4825)  loss_box_reg: 0.1287 (0.2607)  loss_objectness: 0.0229 (0.0341)  loss_rpn_box_reg: 0.0073 (0.0121)  time: 0.3202  data: 0.0316  max mem: 2009
Epoch: [0]  [430/442]  eta: 0:00:03  lr: 0.004887  loss: 0.4105 (0.7802)  loss_classifier: 0.2572 (0.4771)  loss_box_reg: 0.1132 (0.2573)  loss_objectness: 0.0239 (0.0338)  loss_rpn_box_reg: 0.0071 (0.0119)  time: 0.3344  data: 0.0322  max mem: 2009
Epoch: [0]  [440/442]  eta: 0:00:00  lr: 0.005000  loss: 0.3632 (0.7709)  loss_classifier: 0.2213 (0.4717)  loss_box_reg: 0.0992 (0.2536)  loss_objectness: 0.0253 (0.0337)  loss_rpn_box_reg: 0.0069 (0.0119)  time: 0.3339  data: 0.0307  max mem: 2009
Epoch: [0]  [441/442]  eta: 0:00:00  lr: 0.005000  loss: 0.3669 (0.7702)  loss_classifier: 0.2232 (0.4714)  loss_box_reg: 0.1008 (0.2533)  loss_objectness: 0.0261 (0.0337)  loss_rpn_box_reg: 0.0068 (0.0119)  time: 0.3210  data: 0.0296  max mem: 2009
Epoch: [0] Total time: 0:02:17 (0.3118 s / it)
Epoch: [1]  [  0/442]  eta: 0:02:27  lr: 0.005000  loss: 0.3764 (0.3764)  loss_classifier: 0.2685 (0.2685)  loss_box_reg: 0.0869 (0.0869)  loss_objectness: 0.0144 (0.0144)  loss_rpn_box_reg: 0.0066 (0.0066)  time: 0.3348  data: 0.0295  max mem: 2009
Epoch: [1]  [ 10/442]  eta: 0:02:21  lr: 0.005000  loss: 0.3764 (0.4734)  loss_classifier: 0.2684 (0.3103)  loss_box_reg: 0.0869 (0.1306)  loss_objectness: 0.0182 (0.0232)  loss_rpn_box_reg: 0.0101 (0.0093)  time: 0.3270  data: 0.0298  max mem: 2009
Epoch: [1]  [ 20/442]  eta: 0:02:15  lr: 0.005000  loss: 0.4720 (0.5366)  loss_classifier: 0.2992 (0.3458)  loss_box_reg: 0.1277 (0.1586)  loss_objectness: 0.0218 (0.0234)  loss_rpn_box_reg: 0.0097 (0.0089)  time: 0.3196  data: 0.0307  max mem: 2009
Epoch: [1]  [ 30/442]  eta: 0:02:09  lr: 0.005000  loss: 0.4892 (0.5848)  loss_classifier: 0.3151 (0.3840)  loss_box_reg: 0.1464 (0.1721)  loss_objectness: 0.0160 (0.0207)  loss_rpn_box_reg: 0.0065 (0.0080)  time: 0.3083  data: 0.0308  max mem: 2009
Epoch: [1]  [ 40/442]  eta: 0:02:08  lr: 0.005000  loss: 0.4817 (0.5629)  loss_classifier: 0.3182 (0.3692)  loss_box_reg: 0.1285 (0.1642)  loss_objectness: 0.0170 (0.0218)  loss_rpn_box_reg: 0.0061 (0.0077)  time: 0.3176  data: 0.0310  max mem: 2009
Epoch: [1]  [ 50/442]  eta: 0:02:04  lr: 0.005000  loss: 0.5314 (0.5581)  loss_classifier: 0.3401 (0.3674)  loss_box_reg: 0.1411 (0.1621)  loss_objectness: 0.0164 (0.0207)  loss_rpn_box_reg: 0.0066 (0.0079)  time: 0.3224  data: 0.0305  max mem: 2009
Epoch: [1]  [ 60/442]  eta: 0:02:00  lr: 0.005000  loss: 0.5336 (0.5695)  loss_classifier: 0.3710 (0.3781)  loss_box_reg: 0.1459 (0.1636)  loss_objectness: 0.0109 (0.0203)  loss_rpn_box_reg: 0.0063 (0.0075)  time: 0.3055  data: 0.0296  max mem: 2009
Epoch: [1]  [ 70/442]  eta: 0:01:57  lr: 0.005000  loss: 0.5106 (0.5503)  loss_classifier: 0.2893 (0.3625)  loss_box_reg: 0.1373 (0.1594)  loss_objectness: 0.0152 (0.0207)  loss_rpn_box_reg: 0.0069 (0.0077)  time: 0.3081  data: 0.0312  max mem: 2009
Epoch: [1]  [ 80/442]  eta: 0:01:54  lr: 0.005000  loss: 0.3693 (0.5291)  loss_classifier: 0.2481 (0.3473)  loss_box_reg: 0.0888 (0.1527)  loss_objectness: 0.0197 (0.0213)  loss_rpn_box_reg: 0.0078 (0.0079)  time: 0.3201  data: 0.0314  max mem: 2009
Epoch: [1]  [ 90/442]  eta: 0:01:50  lr: 0.005000  loss: 0.3759 (0.5333)  loss_classifier: 0.2504 (0.3503)  loss_box_reg: 0.1222 (0.1547)  loss_objectness: 0.0173 (0.0205)  loss_rpn_box_reg: 0.0075 (0.0079)  time: 0.3149  data: 0.0303  max mem: 2009
Epoch: [1]  [100/442]  eta: 0:01:48  lr: 0.005000  loss: 0.4293 (0.5325)  loss_classifier: 0.2614 (0.3497)  loss_box_reg: 0.1500 (0.1538)  loss_objectness: 0.0173 (0.0210)  loss_rpn_box_reg: 0.0067 (0.0080)  time: 0.3168  data: 0.0298  max mem: 2009
Epoch: [1]  [110/442]  eta: 0:01:45  lr: 0.005000  loss: 0.4876 (0.5293)  loss_classifier: 0.3266 (0.3465)  loss_box_reg: 0.1356 (0.1535)  loss_objectness: 0.0244 (0.0215)  loss_rpn_box_reg: 0.0066 (0.0079)  time: 0.3238  data: 0.0299  max mem: 2009
Epoch: [1]  [120/442]  eta: 0:01:41  lr: 0.005000  loss: 0.4876 (0.5277)  loss_classifier: 0.3083 (0.3456)  loss_box_reg: 0.1441 (0.1533)  loss_objectness: 0.0175 (0.0210)  loss_rpn_box_reg: 0.0066 (0.0078)  time: 0.3125  data: 0.0307  max mem: 2009
Epoch: [1]  [130/442]  eta: 0:01:38  lr: 0.005000  loss: 0.4731 (0.5260)  loss_classifier: 0.3075 (0.3437)  loss_box_reg: 0.1453 (0.1536)  loss_objectness: 0.0159 (0.0209)  loss_rpn_box_reg: 0.0064 (0.0078)  time: 0.3035  data: 0.0305  max mem: 2009
Epoch: [1]  [140/442]  eta: 0:01:34  lr: 0.005000  loss: 0.4218 (0.5204)  loss_classifier: 0.2729 (0.3397)  loss_box_reg: 0.1300 (0.1523)  loss_objectness: 0.0159 (0.0208)  loss_rpn_box_reg: 0.0059 (0.0077)  time: 0.3080  data: 0.0302  max mem: 2009
Epoch: [1]  [150/442]  eta: 0:01:31  lr: 0.005000  loss: 0.4222 (0.5163)  loss_classifier: 0.2684 (0.3366)  loss_box_reg: 0.1271 (0.1510)  loss_objectness: 0.0197 (0.0209)  loss_rpn_box_reg: 0.0066 (0.0078)  time: 0.3156  data: 0.0305  max mem: 2009
Epoch: [1]  [160/442]  eta: 0:01:28  lr: 0.005000  loss: 0.4732 (0.5169)  loss_classifier: 0.2934 (0.3365)  loss_box_reg: 0.1348 (0.1519)  loss_objectness: 0.0197 (0.0208)  loss_rpn_box_reg: 0.0078 (0.0077)  time: 0.3085  data: 0.0301  max mem: 2009
Epoch: [1]  [170/442]  eta: 0:01:25  lr: 0.005000  loss: 0.4500 (0.5108)  loss_classifier: 0.2896 (0.3321)  loss_box_reg: 0.1187 (0.1500)  loss_objectness: 0.0223 (0.0210)  loss_rpn_box_reg: 0.0057 (0.0076)  time: 0.3060  data: 0.0307  max mem: 2009
Epoch: [1]  [180/442]  eta: 0:01:22  lr: 0.005000  loss: 0.3692 (0.5040)  loss_classifier: 0.2294 (0.3272)  loss_box_reg: 0.1094 (0.1481)  loss_objectness: 0.0181 (0.0209)  loss_rpn_box_reg: 0.0065 (0.0077)  time: 0.3236  data: 0.0312  max mem: 2009
Epoch: [1]  [190/442]  eta: 0:01:19  lr: 0.005000  loss: 0.3677 (0.4987)  loss_classifier: 0.2294 (0.3237)  loss_box_reg: 0.1184 (0.1466)  loss_objectness: 0.0153 (0.0207)  loss_rpn_box_reg: 0.0066 (0.0077)  time: 0.3248  data: 0.0303  max mem: 2009
Epoch: [1]  [200/442]  eta: 0:01:16  lr: 0.005000  loss: 0.3652 (0.4918)  loss_classifier: 0.2104 (0.3192)  loss_box_reg: 0.1084 (0.1442)  loss_objectness: 0.0149 (0.0206)  loss_rpn_box_reg: 0.0063 (0.0077)  time: 0.3157  data: 0.0304  max mem: 2009
Epoch: [1]  [210/442]  eta: 0:01:12  lr: 0.005000  loss: 0.3652 (0.4895)  loss_classifier: 0.2511 (0.3179)  loss_box_reg: 0.1076 (0.1434)  loss_objectness: 0.0149 (0.0205)  loss_rpn_box_reg: 0.0064 (0.0076)  time: 0.3113  data: 0.0304  max mem: 2009
Epoch: [1]  [220/442]  eta: 0:01:09  lr: 0.005000  loss: 0.4189 (0.4869)  loss_classifier: 0.2911 (0.3160)  loss_box_reg: 0.1186 (0.1431)  loss_objectness: 0.0133 (0.0202)  loss_rpn_box_reg: 0.0064 (0.0076)  time: 0.3126  data: 0.0302  max mem: 2009
Epoch: [1]  [230/442]  eta: 0:01:06  lr: 0.005000  loss: 0.3726 (0.4835)  loss_classifier: 0.2492 (0.3140)  loss_box_reg: 0.1098 (0.1419)  loss_objectness: 0.0139 (0.0201)  loss_rpn_box_reg: 0.0070 (0.0076)  time: 0.3169  data: 0.0302  max mem: 2009
Epoch: [1]  [240/442]  eta: 0:01:03  lr: 0.005000  loss: 0.3995 (0.4877)  loss_classifier: 0.2648 (0.3174)  loss_box_reg: 0.1208 (0.1427)  loss_objectness: 0.0179 (0.0201)  loss_rpn_box_reg: 0.0063 (0.0075)  time: 0.3087  data: 0.0298  max mem: 2009
Epoch: [1]  [250/442]  eta: 0:01:00  lr: 0.005000  loss: 0.3995 (0.4884)  loss_classifier: 0.2650 (0.3178)  loss_box_reg: 0.1250 (0.1430)  loss_objectness: 0.0177 (0.0200)  loss_rpn_box_reg: 0.0063 (0.0075)  time: 0.3054  data: 0.0301  max mem: 2009
Epoch: [1]  [260/442]  eta: 0:00:57  lr: 0.005000  loss: 0.3702 (0.4855)  loss_classifier: 0.2573 (0.3155)  loss_box_reg: 0.0921 (0.1424)  loss_objectness: 0.0177 (0.0200)  loss_rpn_box_reg: 0.0061 (0.0076)  time: 0.3207  data: 0.0302  max mem: 2009
Epoch: [1]  [270/442]  eta: 0:00:54  lr: 0.005000  loss: 0.4051 (0.4856)  loss_classifier: 0.2813 (0.3155)  loss_box_reg: 0.1402 (0.1426)  loss_objectness: 0.0166 (0.0199)  loss_rpn_box_reg: 0.0050 (0.0075)  time: 0.3187  data: 0.0307  max mem: 2009
Epoch: [1]  [280/442]  eta: 0:00:50  lr: 0.005000  loss: 0.4579 (0.4885)  loss_classifier: 0.3020 (0.3171)  loss_box_reg: 0.1473 (0.1437)  loss_objectness: 0.0166 (0.0200)  loss_rpn_box_reg: 0.0058 (0.0076)  time: 0.3038  data: 0.0305  max mem: 2009
Epoch: [1]  [290/442]  eta: 0:00:47  lr: 0.005000  loss: 0.4005 (0.4844)  loss_classifier: 0.2416 (0.3142)  loss_box_reg: 0.1005 (0.1426)  loss_objectness: 0.0134 (0.0198)  loss_rpn_box_reg: 0.0065 (0.0076)  time: 0.3143  data: 0.0294  max mem: 2009
Epoch: [1]  [300/442]  eta: 0:00:44  lr: 0.005000  loss: 0.3994 (0.4839)  loss_classifier: 0.2514 (0.3138)  loss_box_reg: 0.1129 (0.1428)  loss_objectness: 0.0116 (0.0197)  loss_rpn_box_reg: 0.0065 (0.0076)  time: 0.3169  data: 0.0296  max mem: 2009
Epoch: [1]  [310/442]  eta: 0:00:41  lr: 0.005000  loss: 0.3994 (0.4828)  loss_classifier: 0.2537 (0.3127)  loss_box_reg: 0.1173 (0.1426)  loss_objectness: 0.0146 (0.0199)  loss_rpn_box_reg: 0.0065 (0.0076)  time: 0.3070  data: 0.0297  max mem: 2009
Epoch: [1]  [320/442]  eta: 0:00:38  lr: 0.005000  loss: 0.4322 (0.4827)  loss_classifier: 0.2533 (0.3122)  loss_box_reg: 0.1481 (0.1431)  loss_objectness: 0.0188 (0.0197)  loss_rpn_box_reg: 0.0059 (0.0076)  time: 0.3129  data: 0.0298  max mem: 2009
Epoch: [1]  [330/442]  eta: 0:00:35  lr: 0.005000  loss: 0.4322 (0.4806)  loss_classifier: 0.2555 (0.3110)  loss_box_reg: 0.1416 (0.1424)  loss_objectness: 0.0141 (0.0197)  loss_rpn_box_reg: 0.0058 (0.0076)  time: 0.3204  data: 0.0310  max mem: 2009
Epoch: [1]  [340/442]  eta: 0:00:32  lr: 0.005000  loss: 0.3638 (0.4771)  loss_classifier: 0.2272 (0.3085)  loss_box_reg: 0.1026 (0.1413)  loss_objectness: 0.0141 (0.0198)  loss_rpn_box_reg: 0.0053 (0.0075)  time: 0.3279  data: 0.0307  max mem: 2009
Epoch: [1]  [350/442]  eta: 0:00:28  lr: 0.005000  loss: 0.3689 (0.4765)  loss_classifier: 0.2442 (0.3080)  loss_box_reg: 0.1242 (0.1413)  loss_objectness: 0.0141 (0.0197)  loss_rpn_box_reg: 0.0055 (0.0075)  time: 0.3194  data: 0.0300  max mem: 2009
Epoch: [1]  [360/442]  eta: 0:00:25  lr: 0.005000  loss: 0.3871 (0.4737)  loss_classifier: 0.2481 (0.3061)  loss_box_reg: 0.1242 (0.1403)  loss_objectness: 0.0154 (0.0198)  loss_rpn_box_reg: 0.0068 (0.0075)  time: 0.3125  data: 0.0304  max mem: 2009
Epoch: [1]  [370/442]  eta: 0:00:22  lr: 0.005000  loss: 0.3719 (0.4716)  loss_classifier: 0.2339 (0.3043)  loss_box_reg: 0.1041 (0.1400)  loss_objectness: 0.0213 (0.0198)  loss_rpn_box_reg: 0.0070 (0.0075)  time: 0.3214  data: 0.0310  max mem: 2009
Epoch: [1]  [380/442]  eta: 0:00:19  lr: 0.005000  loss: 0.4228 (0.4712)  loss_classifier: 0.2532 (0.3037)  loss_box_reg: 0.1276 (0.1403)  loss_objectness: 0.0173 (0.0198)  loss_rpn_box_reg: 0.0064 (0.0074)  time: 0.3157  data: 0.0313  max mem: 2009
Epoch: [1]  [390/442]  eta: 0:00:16  lr: 0.005000  loss: 0.3994 (0.4702)  loss_classifier: 0.2532 (0.3029)  loss_box_reg: 0.1335 (0.1401)  loss_objectness: 0.0165 (0.0197)  loss_rpn_box_reg: 0.0059 (0.0074)  time: 0.3079  data: 0.0310  max mem: 2009
Epoch: [1]  [400/442]  eta: 0:00:13  lr: 0.005000  loss: 0.4105 (0.4716)  loss_classifier: 0.2653 (0.3038)  loss_box_reg: 0.1335 (0.1405)  loss_objectness: 0.0165 (0.0198)  loss_rpn_box_reg: 0.0059 (0.0075)  time: 0.3053  data: 0.0305  max mem: 2009
Epoch: [1]  [410/442]  eta: 0:00:10  lr: 0.005000  loss: 0.4868 (0.4719)  loss_classifier: 0.3266 (0.3039)  loss_box_reg: 0.1357 (0.1407)  loss_objectness: 0.0201 (0.0199)  loss_rpn_box_reg: 0.0071 (0.0075)  time: 0.3038  data: 0.0303  max mem: 2009
Epoch: [1]  [420/442]  eta: 0:00:06  lr: 0.005000  loss: 0.4516 (0.4713)  loss_classifier: 0.2842 (0.3034)  loss_box_reg: 0.1424 (0.1406)  loss_objectness: 0.0201 (0.0199)  loss_rpn_box_reg: 0.0080 (0.0075)  time: 0.3105  data: 0.0302  max mem: 2009
Epoch: [1]  [430/442]  eta: 0:00:03  lr: 0.005000  loss: 0.3820 (0.4697)  loss_classifier: 0.2516 (0.3024)  loss_box_reg: 0.1159 (0.1402)  loss_objectness: 0.0131 (0.0197)  loss_rpn_box_reg: 0.0075 (0.0075)  time: 0.3143  data: 0.0299  max mem: 2009
Epoch: [1]  [440/442]  eta: 0:00:00  lr: 0.005000  loss: 0.3843 (0.4711)  loss_classifier: 0.2491 (0.3038)  loss_box_reg: 0.1103 (0.1401)  loss_objectness: 0.0131 (0.0197)  loss_rpn_box_reg: 0.0070 (0.0075)  time: 0.3100  data: 0.0302  max mem: 2009
Epoch: [1]  [441/442]  eta: 0:00:00  lr: 0.005000  loss: 0.4475 (0.4715)  loss_classifier: 0.2835 (0.3040)  loss_box_reg: 0.1103 (0.1403)  loss_objectness: 0.0150 (0.0197)  loss_rpn_box_reg: 0.0070 (0.0075)  time: 0.2979  data: 0.0291  max mem: 2009
Epoch: [1] Total time: 0:02:18 (0.3135 s / it)
Epoch: [2]  [  0/442]  eta: 0:02:07  lr: 0.005000  loss: 0.7213 (0.7213)  loss_classifier: 0.4661 (0.4661)  loss_box_reg: 0.2319 (0.2319)  loss_objectness: 0.0178 (0.0178)  loss_rpn_box_reg: 0.0054 (0.0054)  time: 0.2875  data: 0.0301  max mem: 2009
Epoch: [2]  [ 10/442]  eta: 0:02:09  lr: 0.005000  loss: 0.4363 (0.4841)  loss_classifier: 0.2610 (0.2951)  loss_box_reg: 0.1615 (0.1635)  loss_objectness: 0.0178 (0.0186)  loss_rpn_box_reg: 0.0065 (0.0069)  time: 0.3001  data: 0.0302  max mem: 2009
Epoch: [2]  [ 20/442]  eta: 0:02:08  lr: 0.005000  loss: 0.4272 (0.4489)  loss_classifier: 0.2556 (0.2698)  loss_box_reg: 0.1478 (0.1535)  loss_objectness: 0.0172 (0.0188)  loss_rpn_box_reg: 0.0062 (0.0068)  time: 0.3058  data: 0.0304  max mem: 2009
Epoch: [2]  [ 30/442]  eta: 0:02:05  lr: 0.005000  loss: 0.4272 (0.4597)  loss_classifier: 0.2600 (0.2843)  loss_box_reg: 0.1296 (0.1507)  loss_objectness: 0.0161 (0.0180)  loss_rpn_box_reg: 0.0061 (0.0067)  time: 0.3065  data: 0.0306  max mem: 2009
Epoch: [2]  [ 40/442]  eta: 0:02:03  lr: 0.005000  loss: 0.4156 (0.4381)  loss_classifier: 0.2583 (0.2714)  loss_box_reg: 0.1283 (0.1424)  loss_objectness: 0.0161 (0.0172)  loss_rpn_box_reg: 0.0069 (0.0071)  time: 0.3087  data: 0.0302  max mem: 2009
Epoch: [2]  [ 50/442]  eta: 0:02:01  lr: 0.005000  loss: 0.3982 (0.4308)  loss_classifier: 0.2491 (0.2664)  loss_box_reg: 0.1229 (0.1391)  loss_objectness: 0.0173 (0.0180)  loss_rpn_box_reg: 0.0074 (0.0072)  time: 0.3210  data: 0.0303  max mem: 2009
Epoch: [2]  [ 60/442]  eta: 0:01:58  lr: 0.005000  loss: 0.3519 (0.4203)  loss_classifier: 0.2149 (0.2610)  loss_box_reg: 0.1118 (0.1349)  loss_objectness: 0.0126 (0.0174)  loss_rpn_box_reg: 0.0055 (0.0070)  time: 0.3207  data: 0.0303  max mem: 2009
Epoch: [2]  [ 70/442]  eta: 0:01:56  lr: 0.005000  loss: 0.3313 (0.4173)  loss_classifier: 0.2104 (0.2603)  loss_box_reg: 0.0946 (0.1328)  loss_objectness: 0.0155 (0.0175)  loss_rpn_box_reg: 0.0045 (0.0068)  time: 0.3156  data: 0.0304  max mem: 2009
Epoch: [2]  [ 80/442]  eta: 0:01:52  lr: 0.005000  loss: 0.3482 (0.4134)  loss_classifier: 0.2434 (0.2588)  loss_box_reg: 0.0979 (0.1307)  loss_objectness: 0.0146 (0.0170)  loss_rpn_box_reg: 0.0054 (0.0069)  time: 0.3082  data: 0.0306  max mem: 2009
Epoch: [2]  [ 90/442]  eta: 0:01:49  lr: 0.005000  loss: 0.3701 (0.4164)  loss_classifier: 0.2434 (0.2616)  loss_box_reg: 0.1066 (0.1310)  loss_objectness: 0.0118 (0.0170)  loss_rpn_box_reg: 0.0061 (0.0069)  time: 0.3024  data: 0.0302  max mem: 2009
Epoch: [2]  [100/442]  eta: 0:01:45  lr: 0.005000  loss: 0.3987 (0.4150)  loss_classifier: 0.2546 (0.2614)  loss_box_reg: 0.1182 (0.1297)  loss_objectness: 0.0123 (0.0170)  loss_rpn_box_reg: 0.0058 (0.0068)  time: 0.3018  data: 0.0305  max mem: 2009
Epoch: [2]  [110/442]  eta: 0:01:42  lr: 0.005000  loss: 0.3579 (0.4089)  loss_classifier: 0.2202 (0.2562)  loss_box_reg: 0.1173 (0.1286)  loss_objectness: 0.0152 (0.0173)  loss_rpn_box_reg: 0.0059 (0.0067)  time: 0.3045  data: 0.0307  max mem: 2009
Epoch: [2]  [120/442]  eta: 0:01:40  lr: 0.005000  loss: 0.3204 (0.4010)  loss_classifier: 0.1742 (0.2510)  loss_box_reg: 0.1030 (0.1255)  loss_objectness: 0.0183 (0.0177)  loss_rpn_box_reg: 0.0057 (0.0067)  time: 0.3222  data: 0.0303  max mem: 2009
Epoch: [2]  [130/442]  eta: 0:01:37  lr: 0.005000  loss: 0.3204 (0.3963)  loss_classifier: 0.2009 (0.2483)  loss_box_reg: 0.0972 (0.1238)  loss_objectness: 0.0147 (0.0175)  loss_rpn_box_reg: 0.0053 (0.0067)  time: 0.3245  data: 0.0309  max mem: 2009
Epoch: [2]  [140/442]  eta: 0:01:33  lr: 0.005000  loss: 0.3867 (0.4050)  loss_classifier: 0.2612 (0.2534)  loss_box_reg: 0.1229 (0.1275)  loss_objectness: 0.0136 (0.0174)  loss_rpn_box_reg: 0.0058 (0.0068)  time: 0.3042  data: 0.0311  max mem: 2009
Epoch: [2]  [150/442]  eta: 0:01:30  lr: 0.005000  loss: 0.4116 (0.4051)  loss_classifier: 0.2572 (0.2524)  loss_box_reg: 0.1457 (0.1286)  loss_objectness: 0.0136 (0.0173)  loss_rpn_box_reg: 0.0061 (0.0068)  time: 0.2984  data: 0.0305  max mem: 2009
Epoch: [2]  [160/442]  eta: 0:01:27  lr: 0.005000  loss: 0.4033 (0.4099)  loss_classifier: 0.2542 (0.2543)  loss_box_reg: 0.1412 (0.1316)  loss_objectness: 0.0136 (0.0172)  loss_rpn_box_reg: 0.0074 (0.0068)  time: 0.3014  data: 0.0303  max mem: 2009
Epoch: [2]  [170/442]  eta: 0:01:24  lr: 0.005000  loss: 0.4009 (0.4100)  loss_classifier: 0.2082 (0.2539)  loss_box_reg: 0.1412 (0.1320)  loss_objectness: 0.0153 (0.0173)  loss_rpn_box_reg: 0.0074 (0.0068)  time: 0.3116  data: 0.0301  max mem: 2009
Epoch: [2]  [180/442]  eta: 0:01:21  lr: 0.005000  loss: 0.4372 (0.4125)  loss_classifier: 0.2901 (0.2556)  loss_box_reg: 0.1235 (0.1327)  loss_objectness: 0.0174 (0.0174)  loss_rpn_box_reg: 0.0055 (0.0068)  time: 0.3254  data: 0.0305  max mem: 2009
Epoch: [2]  [190/442]  eta: 0:01:18  lr: 0.005000  loss: 0.4372 (0.4115)  loss_classifier: 0.2894 (0.2539)  loss_box_reg: 0.1351 (0.1335)  loss_objectness: 0.0175 (0.0174)  loss_rpn_box_reg: 0.0046 (0.0067)  time: 0.3171  data: 0.0309  max mem: 2009
Epoch: [2]  [200/442]  eta: 0:01:15  lr: 0.005000  loss: 0.3435 (0.4095)  loss_classifier: 0.2102 (0.2521)  loss_box_reg: 0.1261 (0.1335)  loss_objectness: 0.0166 (0.0173)  loss_rpn_box_reg: 0.0049 (0.0067)  time: 0.3096  data: 0.0310  max mem: 2009
Epoch: [2]  [210/442]  eta: 0:01:12  lr: 0.005000  loss: 0.3517 (0.4097)  loss_classifier: 0.2244 (0.2524)  loss_box_reg: 0.0985 (0.1333)  loss_objectness: 0.0163 (0.0173)  loss_rpn_box_reg: 0.0056 (0.0067)  time: 0.3117  data: 0.0310  max mem: 2009
Epoch: [2]  [220/442]  eta: 0:01:08  lr: 0.005000  loss: 0.3659 (0.4114)  loss_classifier: 0.2425 (0.2528)  loss_box_reg: 0.1258 (0.1343)  loss_objectness: 0.0163 (0.0175)  loss_rpn_box_reg: 0.0056 (0.0068)  time: 0.3101  data: 0.0308  max mem: 2009
Epoch: [2]  [230/442]  eta: 0:01:05  lr: 0.005000  loss: 0.4114 (0.4173)  loss_classifier: 0.2355 (0.2559)  loss_box_reg: 0.1422 (0.1372)  loss_objectness: 0.0124 (0.0173)  loss_rpn_box_reg: 0.0068 (0.0068)  time: 0.3062  data: 0.0307  max mem: 2009
Epoch: [2]  [240/442]  eta: 0:01:02  lr: 0.005000  loss: 0.4114 (0.4179)  loss_classifier: 0.2324 (0.2564)  loss_box_reg: 0.1476 (0.1375)  loss_objectness: 0.0115 (0.0173)  loss_rpn_box_reg: 0.0068 (0.0068)  time: 0.3044  data: 0.0315  max mem: 2009
Epoch: [2]  [250/442]  eta: 0:00:59  lr: 0.005000  loss: 0.4407 (0.4184)  loss_classifier: 0.2368 (0.2566)  loss_box_reg: 0.1484 (0.1380)  loss_objectness: 0.0115 (0.0171)  loss_rpn_box_reg: 0.0066 (0.0068)  time: 0.3049  data: 0.0310  max mem: 2009
Epoch: [2]  [260/442]  eta: 0:00:56  lr: 0.005000  loss: 0.4414 (0.4177)  loss_classifier: 0.2319 (0.2554)  loss_box_reg: 0.1485 (0.1382)  loss_objectness: 0.0132 (0.0172)  loss_rpn_box_reg: 0.0072 (0.0069)  time: 0.3112  data: 0.0301  max mem: 2009
Epoch: [2]  [270/442]  eta: 0:00:53  lr: 0.005000  loss: 0.3859 (0.4188)  loss_classifier: 0.2134 (0.2559)  loss_box_reg: 0.1551 (0.1389)  loss_objectness: 0.0152 (0.0171)  loss_rpn_box_reg: 0.0063 (0.0069)  time: 0.3163  data: 0.0305  max mem: 2009
Epoch: [2]  [280/442]  eta: 0:00:50  lr: 0.005000  loss: 0.4209 (0.4219)  loss_classifier: 0.2938 (0.2574)  loss_box_reg: 0.1517 (0.1407)  loss_objectness: 0.0139 (0.0170)  loss_rpn_box_reg: 0.0051 (0.0068)  time: 0.3052  data: 0.0306  max mem: 2009
Epoch: [2]  [290/442]  eta: 0:00:47  lr: 0.005000  loss: 0.4180 (0.4230)  loss_classifier: 0.2639 (0.2579)  loss_box_reg: 0.1473 (0.1415)  loss_objectness: 0.0093 (0.0168)  loss_rpn_box_reg: 0.0062 (0.0068)  time: 0.2965  data: 0.0300  max mem: 2009
Epoch: [2]  [300/442]  eta: 0:00:43  lr: 0.005000  loss: 0.3879 (0.4238)  loss_classifier: 0.2406 (0.2579)  loss_box_reg: 0.1473 (0.1424)  loss_objectness: 0.0105 (0.0168)  loss_rpn_box_reg: 0.0064 (0.0068)  time: 0.2969  data: 0.0296  max mem: 2009
Epoch: [2]  [310/442]  eta: 0:00:40  lr: 0.005000  loss: 0.4336 (0.4246)  loss_classifier: 0.2321 (0.2580)  loss_box_reg: 0.1578 (0.1429)  loss_objectness: 0.0167 (0.0169)  loss_rpn_box_reg: 0.0064 (0.0068)  time: 0.3014  data: 0.0299  max mem: 2009
Epoch: [2]  [320/442]  eta: 0:00:37  lr: 0.005000  loss: 0.3638 (0.4224)  loss_classifier: 0.2299 (0.2565)  loss_box_reg: 0.1223 (0.1420)  loss_objectness: 0.0186 (0.0171)  loss_rpn_box_reg: 0.0076 (0.0068)  time: 0.3084  data: 0.0306  max mem: 2009
Epoch: [2]  [330/442]  eta: 0:00:34  lr: 0.005000  loss: 0.3638 (0.4216)  loss_classifier: 0.2281 (0.2562)  loss_box_reg: 0.1198 (0.1414)  loss_objectness: 0.0184 (0.0172)  loss_rpn_box_reg: 0.0067 (0.0068)  time: 0.3170  data: 0.0308  max mem: 2009
Epoch: [2]  [340/442]  eta: 0:00:31  lr: 0.005000  loss: 0.4087 (0.4210)  loss_classifier: 0.2304 (0.2557)  loss_box_reg: 0.1200 (0.1411)  loss_objectness: 0.0164 (0.0173)  loss_rpn_box_reg: 0.0058 (0.0068)  time: 0.3221  data: 0.0312  max mem: 2009
Epoch: [2]  [350/442]  eta: 0:00:28  lr: 0.005000  loss: 0.3359 (0.4179)  loss_classifier: 0.1808 (0.2536)  loss_box_reg: 0.1112 (0.1400)  loss_objectness: 0.0157 (0.0174)  loss_rpn_box_reg: 0.0072 (0.0069)  time: 0.3238  data: 0.0311  max mem: 2009
Epoch: [2]  [360/442]  eta: 0:00:25  lr: 0.005000  loss: 0.2966 (0.4150)  loss_classifier: 0.1782 (0.2517)  loss_box_reg: 0.0905 (0.1391)  loss_objectness: 0.0170 (0.0174)  loss_rpn_box_reg: 0.0066 (0.0069)  time: 0.3226  data: 0.0303  max mem: 2009
Epoch: [2]  [370/442]  eta: 0:00:22  lr: 0.005000  loss: 0.2803 (0.4126)  loss_classifier: 0.1844 (0.2501)  loss_box_reg: 0.0950 (0.1383)  loss_objectness: 0.0178 (0.0173)  loss_rpn_box_reg: 0.0046 (0.0069)  time: 0.3157  data: 0.0300  max mem: 2009
Epoch: [2]  [380/442]  eta: 0:00:19  lr: 0.005000  loss: 0.3274 (0.4128)  loss_classifier: 0.1903 (0.2505)  loss_box_reg: 0.1078 (0.1383)  loss_objectness: 0.0114 (0.0173)  loss_rpn_box_reg: 0.0045 (0.0068)  time: 0.3061  data: 0.0303  max mem: 2009
Epoch: [2]  [390/442]  eta: 0:00:16  lr: 0.005000  loss: 0.3775 (0.4112)  loss_classifier: 0.2208 (0.2493)  loss_box_reg: 0.1207 (0.1378)  loss_objectness: 0.0141 (0.0173)  loss_rpn_box_reg: 0.0046 (0.0068)  time: 0.3043  data: 0.0304  max mem: 2009
Epoch: [2]  [400/442]  eta: 0:00:13  lr: 0.005000  loss: 0.3224 (0.4086)  loss_classifier: 0.1889 (0.2476)  loss_box_reg: 0.1054 (0.1369)  loss_objectness: 0.0129 (0.0173)  loss_rpn_box_reg: 0.0053 (0.0068)  time: 0.3172  data: 0.0307  max mem: 2009
Epoch: [2]  [410/442]  eta: 0:00:09  lr: 0.005000  loss: 0.3061 (0.4058)  loss_classifier: 0.1652 (0.2455)  loss_box_reg: 0.1054 (0.1362)  loss_objectness: 0.0115 (0.0172)  loss_rpn_box_reg: 0.0053 (0.0068)  time: 0.3179  data: 0.0306  max mem: 2009
Epoch: [2]  [420/442]  eta: 0:00:06  lr: 0.005000  loss: 0.3133 (0.4044)  loss_classifier: 0.1652 (0.2448)  loss_box_reg: 0.1163 (0.1357)  loss_objectness: 0.0144 (0.0172)  loss_rpn_box_reg: 0.0044 (0.0067)  time: 0.3146  data: 0.0302  max mem: 2009
Epoch: [2]  [430/442]  eta: 0:00:03  lr: 0.005000  loss: 0.2694 (0.4013)  loss_classifier: 0.1706 (0.2429)  loss_box_reg: 0.0825 (0.1344)  loss_objectness: 0.0143 (0.0172)  loss_rpn_box_reg: 0.0055 (0.0067)  time: 0.3181  data: 0.0306  max mem: 2009
Epoch: [2]  [440/442]  eta: 0:00:00  lr: 0.005000  loss: 0.2642 (0.3991)  loss_classifier: 0.1609 (0.2416)  loss_box_reg: 0.0755 (0.1335)  loss_objectness: 0.0137 (0.0172)  loss_rpn_box_reg: 0.0064 (0.0067)  time: 0.3170  data: 0.0320  max mem: 2009
Epoch: [2]  [441/442]  eta: 0:00:00  lr: 0.005000  loss: 0.2623 (0.3987)  loss_classifier: 0.1522 (0.2413)  loss_box_reg: 0.0755 (0.1335)  loss_objectness: 0.0135 (0.0172)  loss_rpn_box_reg: 0.0064 (0.0067)  time: 0.3057  data: 0.0308  max mem: 2009
Epoch: [2] Total time: 0:02:17 (0.3106 s / it)
Epoch: [3]  [  0/442]  eta: 0:02:25  lr: 0.005000  loss: 0.2311 (0.2311)  loss_classifier: 0.1202 (0.1202)  loss_box_reg: 0.0790 (0.0790)  loss_objectness: 0.0264 (0.0264)  loss_rpn_box_reg: 0.0056 (0.0056)  time: 0.3290  data: 0.0303  max mem: 2009
Epoch: [3]  [ 10/442]  eta: 0:02:20  lr: 0.005000  loss: 0.3192 (0.3089)  loss_classifier: 0.1890 (0.1809)  loss_box_reg: 0.0790 (0.1017)  loss_objectness: 0.0186 (0.0192)  loss_rpn_box_reg: 0.0050 (0.0071)  time: 0.3246  data: 0.0314  max mem: 2009
Epoch: [3]  [ 20/442]  eta: 0:02:14  lr: 0.005000  loss: 0.3192 (0.3112)  loss_classifier: 0.1606 (0.1742)  loss_box_reg: 0.1057 (0.1119)  loss_objectness: 0.0162 (0.0183)  loss_rpn_box_reg: 0.0053 (0.0068)  time: 0.3192  data: 0.0308  max mem: 2009
Epoch: [3]  [ 30/442]  eta: 0:02:12  lr: 0.005000  loss: 0.2822 (0.2993)  loss_classifier: 0.1513 (0.1711)  loss_box_reg: 0.1038 (0.1027)  loss_objectness: 0.0174 (0.0187)  loss_rpn_box_reg: 0.0061 (0.0069)  time: 0.3212  data: 0.0303  max mem: 2009
Epoch: [3]  [ 40/442]  eta: 0:02:08  lr: 0.005000  loss: 0.3103 (0.3077)  loss_classifier: 0.1629 (0.1747)  loss_box_reg: 0.1044 (0.1094)  loss_objectness: 0.0136 (0.0170)  loss_rpn_box_reg: 0.0056 (0.0066)  time: 0.3196  data: 0.0304  max mem: 2009
Epoch: [3]  [ 50/442]  eta: 0:02:04  lr: 0.005000  loss: 0.3546 (0.3199)  loss_classifier: 0.1940 (0.1817)  loss_box_reg: 0.1242 (0.1140)  loss_objectness: 0.0139 (0.0174)  loss_rpn_box_reg: 0.0062 (0.0069)  time: 0.3115  data: 0.0301  max mem: 2009
Epoch: [3]  [ 60/442]  eta: 0:02:01  lr: 0.005000  loss: 0.3016 (0.3146)  loss_classifier: 0.1924 (0.1789)  loss_box_reg: 0.1131 (0.1124)  loss_objectness: 0.0146 (0.0168)  loss_rpn_box_reg: 0.0059 (0.0066)  time: 0.3145  data: 0.0314  max mem: 2009
Epoch: [3]  [ 70/442]  eta: 0:01:57  lr: 0.005000  loss: 0.3008 (0.3177)  loss_classifier: 0.1772 (0.1797)  loss_box_reg: 0.1108 (0.1143)  loss_objectness: 0.0158 (0.0171)  loss_rpn_box_reg: 0.0049 (0.0065)  time: 0.3109  data: 0.0315  max mem: 2009
Epoch: [3]  [ 80/442]  eta: 0:01:54  lr: 0.005000  loss: 0.3428 (0.3219)  loss_classifier: 0.1900 (0.1836)  loss_box_reg: 0.1267 (0.1141)  loss_objectness: 0.0175 (0.0175)  loss_rpn_box_reg: 0.0052 (0.0066)  time: 0.3109  data: 0.0304  max mem: 2009
Epoch: [3]  [ 90/442]  eta: 0:01:50  lr: 0.005000  loss: 0.3991 (0.3442)  loss_classifier: 0.2099 (0.1950)  loss_box_reg: 0.1394 (0.1259)  loss_objectness: 0.0132 (0.0168)  loss_rpn_box_reg: 0.0045 (0.0064)  time: 0.3070  data: 0.0306  max mem: 2009
Epoch: [3]  [100/442]  eta: 0:01:47  lr: 0.005000  loss: 0.3747 (0.3420)  loss_classifier: 0.2190 (0.1927)  loss_box_reg: 0.1395 (0.1261)  loss_objectness: 0.0103 (0.0167)  loss_rpn_box_reg: 0.0045 (0.0065)  time: 0.3014  data: 0.0306  max mem: 2009
Epoch: [3]  [110/442]  eta: 0:01:43  lr: 0.005000  loss: 0.3567 (0.3553)  loss_classifier: 0.1960 (0.1999)  loss_box_reg: 0.1391 (0.1330)  loss_objectness: 0.0112 (0.0161)  loss_rpn_box_reg: 0.0045 (0.0063)  time: 0.3011  data: 0.0301  max mem: 2009
Epoch: [3]  [120/442]  eta: 0:01:40  lr: 0.005000  loss: 0.3792 (0.3541)  loss_classifier: 0.2097 (0.1995)  loss_box_reg: 0.1413 (0.1317)  loss_objectness: 0.0117 (0.0166)  loss_rpn_box_reg: 0.0043 (0.0063)  time: 0.3057  data: 0.0306  max mem: 2009
Epoch: [3]  [130/442]  eta: 0:01:37  lr: 0.005000  loss: 0.3768 (0.3581)  loss_classifier: 0.2097 (0.2029)  loss_box_reg: 0.1241 (0.1326)  loss_objectness: 0.0142 (0.0163)  loss_rpn_box_reg: 0.0055 (0.0063)  time: 0.3117  data: 0.0311  max mem: 2009
Epoch: [3]  [140/442]  eta: 0:01:34  lr: 0.005000  loss: 0.3449 (0.3589)  loss_classifier: 0.2119 (0.2038)  loss_box_reg: 0.1160 (0.1325)  loss_objectness: 0.0137 (0.0164)  loss_rpn_box_reg: 0.0052 (0.0063)  time: 0.3111  data: 0.0310  max mem: 2009
Epoch: [3]  [150/442]  eta: 0:01:31  lr: 0.005000  loss: 0.3439 (0.3564)  loss_classifier: 0.2012 (0.2027)  loss_box_reg: 0.1053 (0.1310)  loss_objectness: 0.0153 (0.0165)  loss_rpn_box_reg: 0.0053 (0.0062)  time: 0.3135  data: 0.0313  max mem: 2009
Epoch: [3]  [160/442]  eta: 0:01:27  lr: 0.005000  loss: 0.3439 (0.3594)  loss_classifier: 0.2012 (0.2042)  loss_box_reg: 0.1199 (0.1327)  loss_objectness: 0.0116 (0.0163)  loss_rpn_box_reg: 0.0053 (0.0062)  time: 0.3047  data: 0.0307  max mem: 2009
Epoch: [3]  [170/442]  eta: 0:01:24  lr: 0.005000  loss: 0.3899 (0.3625)  loss_classifier: 0.2124 (0.2059)  loss_box_reg: 0.1464 (0.1342)  loss_objectness: 0.0096 (0.0163)  loss_rpn_box_reg: 0.0053 (0.0062)  time: 0.2955  data: 0.0303  max mem: 2009
Epoch: [3]  [180/442]  eta: 0:01:21  lr: 0.005000  loss: 0.3627 (0.3616)  loss_classifier: 0.1942 (0.2052)  loss_box_reg: 0.1215 (0.1339)  loss_objectness: 0.0133 (0.0163)  loss_rpn_box_reg: 0.0053 (0.0062)  time: 0.3023  data: 0.0303  max mem: 2009
Epoch: [3]  [190/442]  eta: 0:01:18  lr: 0.005000  loss: 0.3239 (0.3606)  loss_classifier: 0.1734 (0.2046)  loss_box_reg: 0.1198 (0.1337)  loss_objectness: 0.0127 (0.0162)  loss_rpn_box_reg: 0.0046 (0.0061)  time: 0.3105  data: 0.0301  max mem: 2009
Epoch: [3]  [200/442]  eta: 0:01:15  lr: 0.005000  loss: 0.3239 (0.3593)  loss_classifier: 0.1734 (0.2037)  loss_box_reg: 0.1184 (0.1334)  loss_objectness: 0.0115 (0.0162)  loss_rpn_box_reg: 0.0046 (0.0061)  time: 0.3135  data: 0.0316  max mem: 2009
Epoch: [3]  [210/442]  eta: 0:01:11  lr: 0.005000  loss: 0.3251 (0.3574)  loss_classifier: 0.1771 (0.2026)  loss_box_reg: 0.1076 (0.1328)  loss_objectness: 0.0109 (0.0160)  loss_rpn_box_reg: 0.0052 (0.0060)  time: 0.3127  data: 0.0320  max mem: 2009
Epoch: [3]  [220/442]  eta: 0:01:08  lr: 0.005000  loss: 0.3126 (0.3559)  loss_classifier: 0.1629 (0.2016)  loss_box_reg: 0.1195 (0.1320)  loss_objectness: 0.0113 (0.0161)  loss_rpn_box_reg: 0.0060 (0.0061)  time: 0.3109  data: 0.0305  max mem: 2009
Epoch: [3]  [230/442]  eta: 0:01:05  lr: 0.005000  loss: 0.3120 (0.3544)  loss_classifier: 0.1458 (0.2010)  loss_box_reg: 0.0965 (0.1311)  loss_objectness: 0.0166 (0.0162)  loss_rpn_box_reg: 0.0060 (0.0061)  time: 0.3054  data: 0.0302  max mem: 2009
Epoch: [3]  [240/442]  eta: 0:01:02  lr: 0.005000  loss: 0.3303 (0.3549)  loss_classifier: 0.2075 (0.2015)  loss_box_reg: 0.0965 (0.1313)  loss_objectness: 0.0124 (0.0160)  loss_rpn_box_reg: 0.0056 (0.0061)  time: 0.2990  data: 0.0303  max mem: 2009
Epoch: [3]  [250/442]  eta: 0:00:59  lr: 0.005000  loss: 0.3720 (0.3553)  loss_classifier: 0.2317 (0.2023)  loss_box_reg: 0.1090 (0.1309)  loss_objectness: 0.0120 (0.0160)  loss_rpn_box_reg: 0.0053 (0.0061)  time: 0.3100  data: 0.0308  max mem: 2009
Epoch: [3]  [260/442]  eta: 0:00:56  lr: 0.005000  loss: 0.3666 (0.3549)  loss_classifier: 0.2168 (0.2022)  loss_box_reg: 0.1009 (0.1306)  loss_objectness: 0.0129 (0.0160)  loss_rpn_box_reg: 0.0054 (0.0061)  time: 0.3195  data: 0.0311  max mem: 2009
Epoch: [3]  [270/442]  eta: 0:00:53  lr: 0.005000  loss: 0.3148 (0.3538)  loss_classifier: 0.1975 (0.2018)  loss_box_reg: 0.0981 (0.1297)  loss_objectness: 0.0156 (0.0161)  loss_rpn_box_reg: 0.0048 (0.0061)  time: 0.3183  data: 0.0308  max mem: 2009
Epoch: [3]  [280/442]  eta: 0:00:50  lr: 0.005000  loss: 0.3137 (0.3537)  loss_classifier: 0.1804 (0.2016)  loss_box_reg: 0.1102 (0.1299)  loss_objectness: 0.0151 (0.0161)  loss_rpn_box_reg: 0.0047 (0.0061)  time: 0.3126  data: 0.0306  max mem: 2009
Epoch: [3]  [290/442]  eta: 0:00:47  lr: 0.005000  loss: 0.3080 (0.3539)  loss_classifier: 0.1780 (0.2021)  loss_box_reg: 0.1238 (0.1297)  loss_objectness: 0.0134 (0.0161)  loss_rpn_box_reg: 0.0050 (0.0061)  time: 0.3095  data: 0.0304  max mem: 2009
Epoch: [3]  [300/442]  eta: 0:00:44  lr: 0.005000  loss: 0.3424 (0.3540)  loss_classifier: 0.1669 (0.2020)  loss_box_reg: 0.1238 (0.1299)  loss_objectness: 0.0152 (0.0161)  loss_rpn_box_reg: 0.0059 (0.0061)  time: 0.3124  data: 0.0306  max mem: 2009
Epoch: [3]  [310/442]  eta: 0:00:41  lr: 0.005000  loss: 0.2905 (0.3509)  loss_classifier: 0.1513 (0.1999)  loss_box_reg: 0.1078 (0.1288)  loss_objectness: 0.0148 (0.0161)  loss_rpn_box_reg: 0.0061 (0.0061)  time: 0.3176  data: 0.0307  max mem: 2009
Epoch: [3]  [320/442]  eta: 0:00:37  lr: 0.005000  loss: 0.2905 (0.3507)  loss_classifier: 0.1507 (0.1997)  loss_box_reg: 0.0987 (0.1289)  loss_objectness: 0.0122 (0.0160)  loss_rpn_box_reg: 0.0059 (0.0060)  time: 0.3105  data: 0.0303  max mem: 2009
Epoch: [3]  [330/442]  eta: 0:00:34  lr: 0.005000  loss: 0.3013 (0.3491)  loss_classifier: 0.1522 (0.1983)  loss_box_reg: 0.1251 (0.1288)  loss_objectness: 0.0124 (0.0159)  loss_rpn_box_reg: 0.0053 (0.0061)  time: 0.3007  data: 0.0302  max mem: 2009
Epoch: [3]  [340/442]  eta: 0:00:31  lr: 0.005000  loss: 0.3131 (0.3510)  loss_classifier: 0.1804 (0.1999)  loss_box_reg: 0.1297 (0.1291)  loss_objectness: 0.0131 (0.0160)  loss_rpn_box_reg: 0.0052 (0.0061)  time: 0.2998  data: 0.0307  max mem: 2009
Epoch: [3]  [350/442]  eta: 0:00:28  lr: 0.005000  loss: 0.3146 (0.3520)  loss_classifier: 0.2076 (0.2004)  loss_box_reg: 0.1311 (0.1295)  loss_objectness: 0.0130 (0.0159)  loss_rpn_box_reg: 0.0061 (0.0061)  time: 0.3033  data: 0.0309  max mem: 2009
Epoch: [3]  [360/442]  eta: 0:00:25  lr: 0.005000  loss: 0.2956 (0.3526)  loss_classifier: 0.1668 (0.2009)  loss_box_reg: 0.1139 (0.1298)  loss_objectness: 0.0110 (0.0159)  loss_rpn_box_reg: 0.0051 (0.0061)  time: 0.3074  data: 0.0306  max mem: 2009
Epoch: [3]  [370/442]  eta: 0:00:22  lr: 0.005000  loss: 0.3187 (0.3547)  loss_classifier: 0.1668 (0.2021)  loss_box_reg: 0.1263 (0.1308)  loss_objectness: 0.0098 (0.0157)  loss_rpn_box_reg: 0.0046 (0.0061)  time: 0.2987  data: 0.0303  max mem: 2009
Epoch: [3]  [380/442]  eta: 0:00:19  lr: 0.005000  loss: 0.3599 (0.3543)  loss_classifier: 0.2125 (0.2022)  loss_box_reg: 0.1167 (0.1303)  loss_objectness: 0.0091 (0.0158)  loss_rpn_box_reg: 0.0047 (0.0060)  time: 0.2991  data: 0.0306  max mem: 2009
Epoch: [3]  [390/442]  eta: 0:00:16  lr: 0.005000  loss: 0.3599 (0.3553)  loss_classifier: 0.2086 (0.2028)  loss_box_reg: 0.1167 (0.1306)  loss_objectness: 0.0164 (0.0158)  loss_rpn_box_reg: 0.0050 (0.0061)  time: 0.3046  data: 0.0318  max mem: 2009
Epoch: [3]  [400/442]  eta: 0:00:12  lr: 0.005000  loss: 0.3103 (0.3531)  loss_classifier: 0.1681 (0.2013)  loss_box_reg: 0.1153 (0.1301)  loss_objectness: 0.0110 (0.0157)  loss_rpn_box_reg: 0.0046 (0.0060)  time: 0.3097  data: 0.0315  max mem: 2009
Epoch: [3]  [410/442]  eta: 0:00:09  lr: 0.005000  loss: 0.2422 (0.3505)  loss_classifier: 0.1087 (0.1995)  loss_box_reg: 0.0939 (0.1293)  loss_objectness: 0.0117 (0.0157)  loss_rpn_box_reg: 0.0046 (0.0060)  time: 0.3208  data: 0.0305  max mem: 2009
Epoch: [3]  [420/442]  eta: 0:00:06  lr: 0.005000  loss: 0.2422 (0.3505)  loss_classifier: 0.1441 (0.1994)  loss_box_reg: 0.0919 (0.1293)  loss_objectness: 0.0126 (0.0157)  loss_rpn_box_reg: 0.0055 (0.0060)  time: 0.3171  data: 0.0304  max mem: 2009
Epoch: [3]  [430/442]  eta: 0:00:03  lr: 0.005000  loss: 0.3353 (0.3517)  loss_classifier: 0.1822 (0.1997)  loss_box_reg: 0.1206 (0.1302)  loss_objectness: 0.0161 (0.0158)  loss_rpn_box_reg: 0.0059 (0.0060)  time: 0.3033  data: 0.0303  max mem: 2009
Epoch: [3]  [440/442]  eta: 0:00:00  lr: 0.005000  loss: 0.3183 (0.3492)  loss_classifier: 0.1610 (0.1982)  loss_box_reg: 0.1174 (0.1293)  loss_objectness: 0.0114 (0.0157)  loss_rpn_box_reg: 0.0053 (0.0060)  time: 0.3087  data: 0.0310  max mem: 2009
Epoch: [3]  [441/442]  eta: 0:00:00  lr: 0.005000  loss: 0.3183 (0.3496)  loss_classifier: 0.1610 (0.1982)  loss_box_reg: 0.1174 (0.1298)  loss_objectness: 0.0105 (0.0157)  loss_rpn_box_reg: 0.0052 (0.0060)  time: 0.2965  data: 0.0298  max mem: 2009
Epoch: [3] Total time: 0:02:16 (0.3091 s / it)
Epoch: [4]  [  0/442]  eta: 0:02:26  lr: 0.005000  loss: 0.4166 (0.4166)  loss_classifier: 0.2263 (0.2263)  loss_box_reg: 0.1466 (0.1466)  loss_objectness: 0.0362 (0.0362)  loss_rpn_box_reg: 0.0075 (0.0075)  time: 0.3307  data: 0.0324  max mem: 2009
Epoch: [4]  [ 10/442]  eta: 0:02:17  lr: 0.005000  loss: 0.3889 (0.4283)  loss_classifier: 0.1803 (0.1967)  loss_box_reg: 0.1781 (0.2113)  loss_objectness: 0.0121 (0.0140)  loss_rpn_box_reg: 0.0058 (0.0062)  time: 0.3185  data: 0.0306  max mem: 2009
Epoch: [4]  [ 20/442]  eta: 0:02:15  lr: 0.005000  loss: 0.2945 (0.3696)  loss_classifier: 0.1385 (0.1773)  loss_box_reg: 0.1231 (0.1732)  loss_objectness: 0.0117 (0.0137)  loss_rpn_box_reg: 0.0050 (0.0055)  time: 0.3204  data: 0.0306  max mem: 2009
Epoch: [4]  [ 30/442]  eta: 0:02:10  lr: 0.005000  loss: 0.2619 (0.3645)  loss_classifier: 0.1330 (0.1847)  loss_box_reg: 0.1079 (0.1593)  loss_objectness: 0.0124 (0.0148)  loss_rpn_box_reg: 0.0050 (0.0057)  time: 0.3140  data: 0.0305  max mem: 2009
Epoch: [4]  [ 40/442]  eta: 0:02:05  lr: 0.005000  loss: 0.3078 (0.3592)  loss_classifier: 0.1760 (0.1882)  loss_box_reg: 0.1204 (0.1497)  loss_objectness: 0.0132 (0.0157)  loss_rpn_box_reg: 0.0051 (0.0056)  time: 0.3037  data: 0.0304  max mem: 2009
Epoch: [4]  [ 50/442]  eta: 0:02:01  lr: 0.005000  loss: 0.3479 (0.3619)  loss_classifier: 0.1860 (0.1924)  loss_box_reg: 0.1239 (0.1472)  loss_objectness: 0.0126 (0.0165)  loss_rpn_box_reg: 0.0053 (0.0059)  time: 0.2990  data: 0.0303  max mem: 2009
Epoch: [4]  [ 60/442]  eta: 0:01:58  lr: 0.005000  loss: 0.3479 (0.3647)  loss_classifier: 0.1826 (0.1933)  loss_box_reg: 0.1316 (0.1493)  loss_objectness: 0.0104 (0.0162)  loss_rpn_box_reg: 0.0058 (0.0059)  time: 0.3021  data: 0.0317  max mem: 2009
Epoch: [4]  [ 70/442]  eta: 0:01:55  lr: 0.005000  loss: 0.3244 (0.3581)  loss_classifier: 0.1759 (0.1882)  loss_box_reg: 0.1318 (0.1476)  loss_objectness: 0.0122 (0.0162)  loss_rpn_box_reg: 0.0061 (0.0061)  time: 0.3159  data: 0.0323  max mem: 2009
Epoch: [4]  [ 80/442]  eta: 0:01:53  lr: 0.005000  loss: 0.3194 (0.3547)  loss_classifier: 0.1543 (0.1873)  loss_box_reg: 0.1074 (0.1446)  loss_objectness: 0.0161 (0.0165)  loss_rpn_box_reg: 0.0064 (0.0062)  time: 0.3234  data: 0.0310  max mem: 2009
Epoch: [4]  [ 90/442]  eta: 0:01:49  lr: 0.005000  loss: 0.2701 (0.3517)  loss_classifier: 0.1570 (0.1859)  loss_box_reg: 0.0920 (0.1431)  loss_objectness: 0.0176 (0.0165)  loss_rpn_box_reg: 0.0060 (0.0062)  time: 0.3177  data: 0.0308  max mem: 2009
Epoch: [4]  [100/442]  eta: 0:01:46  lr: 0.005000  loss: 0.2683 (0.3483)  loss_classifier: 0.1570 (0.1847)  loss_box_reg: 0.0920 (0.1408)  loss_objectness: 0.0154 (0.0166)  loss_rpn_box_reg: 0.0048 (0.0061)  time: 0.3126  data: 0.0310  max mem: 2009
Epoch: [4]  [110/442]  eta: 0:01:43  lr: 0.005000  loss: 0.3029 (0.3468)  loss_classifier: 0.1611 (0.1840)  loss_box_reg: 0.1182 (0.1405)  loss_objectness: 0.0097 (0.0163)  loss_rpn_box_reg: 0.0043 (0.0060)  time: 0.3026  data: 0.0304  max mem: 2009
Epoch: [4]  [120/442]  eta: 0:01:40  lr: 0.005000  loss: 0.2984 (0.3421)  loss_classifier: 0.1576 (0.1819)  loss_box_reg: 0.1182 (0.1379)  loss_objectness: 0.0111 (0.0164)  loss_rpn_box_reg: 0.0047 (0.0059)  time: 0.3025  data: 0.0297  max mem: 2009
Epoch: [4]  [130/442]  eta: 0:01:36  lr: 0.005000  loss: 0.2698 (0.3451)  loss_classifier: 0.1482 (0.1829)  loss_box_reg: 0.1002 (0.1399)  loss_objectness: 0.0151 (0.0164)  loss_rpn_box_reg: 0.0044 (0.0058)  time: 0.3084  data: 0.0297  max mem: 2009
Epoch: [4]  [140/442]  eta: 0:01:33  lr: 0.005000  loss: 0.2674 (0.3394)  loss_classifier: 0.1356 (0.1800)  loss_box_reg: 0.1049 (0.1371)  loss_objectness: 0.0140 (0.0165)  loss_rpn_box_reg: 0.0044 (0.0058)  time: 0.3117  data: 0.0297  max mem: 2009
Epoch: [4]  [150/442]  eta: 0:01:30  lr: 0.005000  loss: 0.2648 (0.3370)  loss_classifier: 0.1356 (0.1784)  loss_box_reg: 0.1142 (0.1363)  loss_objectness: 0.0126 (0.0164)  loss_rpn_box_reg: 0.0055 (0.0059)  time: 0.3187  data: 0.0301  max mem: 2009
Epoch: [4]  [160/442]  eta: 0:01:28  lr: 0.005000  loss: 0.2800 (0.3327)  loss_classifier: 0.1527 (0.1765)  loss_box_reg: 0.1023 (0.1335)  loss_objectness: 0.0182 (0.0168)  loss_rpn_box_reg: 0.0048 (0.0059)  time: 0.3205  data: 0.0304  max mem: 2009
Epoch: [4]  [170/442]  eta: 0:01:24  lr: 0.005000  loss: 0.2500 (0.3289)  loss_classifier: 0.1213 (0.1743)  loss_box_reg: 0.0956 (0.1319)  loss_objectness: 0.0158 (0.0168)  loss_rpn_box_reg: 0.0059 (0.0060)  time: 0.3186  data: 0.0296  max mem: 2009
Epoch: [4]  [180/442]  eta: 0:01:21  lr: 0.005000  loss: 0.2500 (0.3273)  loss_classifier: 0.1321 (0.1730)  loss_box_reg: 0.0956 (0.1319)  loss_objectness: 0.0107 (0.0164)  loss_rpn_box_reg: 0.0059 (0.0059)  time: 0.3050  data: 0.0293  max mem: 2009
Epoch: [4]  [190/442]  eta: 0:01:18  lr: 0.005000  loss: 0.3114 (0.3282)  loss_classifier: 0.1494 (0.1738)  loss_box_reg: 0.1218 (0.1319)  loss_objectness: 0.0114 (0.0165)  loss_rpn_box_reg: 0.0054 (0.0060)  time: 0.3043  data: 0.0300  max mem: 2009
Epoch: [4]  [200/442]  eta: 0:01:15  lr: 0.005000  loss: 0.3338 (0.3317)  loss_classifier: 0.2092 (0.1755)  loss_box_reg: 0.1394 (0.1341)  loss_objectness: 0.0114 (0.0163)  loss_rpn_box_reg: 0.0054 (0.0059)  time: 0.3035  data: 0.0300  max mem: 2009
Epoch: [4]  [210/442]  eta: 0:01:11  lr: 0.005000  loss: 0.3763 (0.3326)  loss_classifier: 0.1899 (0.1757)  loss_box_reg: 0.1440 (0.1348)  loss_objectness: 0.0111 (0.0161)  loss_rpn_box_reg: 0.0046 (0.0059)  time: 0.2964  data: 0.0299  max mem: 2009
Epoch: [4]  [220/442]  eta: 0:01:08  lr: 0.005000  loss: 0.3758 (0.3339)  loss_classifier: 0.1666 (0.1763)  loss_box_reg: 0.1425 (0.1354)  loss_objectness: 0.0163 (0.0162)  loss_rpn_box_reg: 0.0058 (0.0060)  time: 0.2996  data: 0.0304  max mem: 2009
Epoch: [4]  [230/442]  eta: 0:01:05  lr: 0.005000  loss: 0.2986 (0.3323)  loss_classifier: 0.1637 (0.1755)  loss_box_reg: 0.1223 (0.1345)  loss_objectness: 0.0159 (0.0162)  loss_rpn_box_reg: 0.0060 (0.0060)  time: 0.2997  data: 0.0306  max mem: 2009
Epoch: [4]  [240/442]  eta: 0:01:02  lr: 0.005000  loss: 0.2866 (0.3316)  loss_classifier: 0.1450 (0.1748)  loss_box_reg: 0.1087 (0.1345)  loss_objectness: 0.0150 (0.0163)  loss_rpn_box_reg: 0.0060 (0.0060)  time: 0.3044  data: 0.0303  max mem: 2009
Epoch: [4]  [250/442]  eta: 0:00:59  lr: 0.005000  loss: 0.2541 (0.3298)  loss_classifier: 0.1259 (0.1731)  loss_box_reg: 0.1199 (0.1344)  loss_objectness: 0.0144 (0.0163)  loss_rpn_box_reg: 0.0067 (0.0061)  time: 0.3084  data: 0.0304  max mem: 2009
Epoch: [4]  [260/442]  eta: 0:00:56  lr: 0.005000  loss: 0.2541 (0.3283)  loss_classifier: 0.1305 (0.1722)  loss_box_reg: 0.1231 (0.1340)  loss_objectness: 0.0126 (0.0161)  loss_rpn_box_reg: 0.0052 (0.0060)  time: 0.3104  data: 0.0313  max mem: 2009
Epoch: [4]  [270/442]  eta: 0:00:53  lr: 0.005000  loss: 0.2453 (0.3266)  loss_classifier: 0.1320 (0.1713)  loss_box_reg: 0.0977 (0.1332)  loss_objectness: 0.0108 (0.0160)  loss_rpn_box_reg: 0.0049 (0.0060)  time: 0.3130  data: 0.0314  max mem: 2009
Epoch: [4]  [280/442]  eta: 0:00:49  lr: 0.005000  loss: 0.2851 (0.3285)  loss_classifier: 0.1388 (0.1723)  loss_box_reg: 0.1155 (0.1344)  loss_objectness: 0.0098 (0.0158)  loss_rpn_box_reg: 0.0049 (0.0060)  time: 0.2979  data: 0.0303  max mem: 2009
Epoch: [4]  [290/442]  eta: 0:00:46  lr: 0.005000  loss: 0.2866 (0.3258)  loss_classifier: 0.1465 (0.1708)  loss_box_reg: 0.1154 (0.1334)  loss_objectness: 0.0109 (0.0157)  loss_rpn_box_reg: 0.0048 (0.0060)  time: 0.2999  data: 0.0308  max mem: 2009
Epoch: [4]  [300/442]  eta: 0:00:43  lr: 0.005000  loss: 0.2521 (0.3275)  loss_classifier: 0.1280 (0.1716)  loss_box_reg: 0.0990 (0.1345)  loss_objectness: 0.0109 (0.0155)  loss_rpn_box_reg: 0.0052 (0.0060)  time: 0.3064  data: 0.0310  max mem: 2009
Epoch: [4]  [310/442]  eta: 0:00:40  lr: 0.005000  loss: 0.2954 (0.3273)  loss_classifier: 0.1387 (0.1715)  loss_box_reg: 0.1371 (0.1342)  loss_objectness: 0.0104 (0.0157)  loss_rpn_box_reg: 0.0056 (0.0060)  time: 0.3033  data: 0.0305  max mem: 2009
Epoch: [4]  [320/442]  eta: 0:00:37  lr: 0.005000  loss: 0.2943 (0.3257)  loss_classifier: 0.1401 (0.1706)  loss_box_reg: 0.1141 (0.1337)  loss_objectness: 0.0107 (0.0156)  loss_rpn_box_reg: 0.0044 (0.0059)  time: 0.3111  data: 0.0301  max mem: 2009
Epoch: [4]  [330/442]  eta: 0:00:34  lr: 0.005000  loss: 0.2738 (0.3257)  loss_classifier: 0.1401 (0.1704)  loss_box_reg: 0.1141 (0.1339)  loss_objectness: 0.0109 (0.0156)  loss_rpn_box_reg: 0.0042 (0.0059)  time: 0.3084  data: 0.0306  max mem: 2009
Epoch: [4]  [340/442]  eta: 0:00:31  lr: 0.005000  loss: 0.2946 (0.3255)  loss_classifier: 0.1436 (0.1704)  loss_box_reg: 0.1194 (0.1337)  loss_objectness: 0.0109 (0.0155)  loss_rpn_box_reg: 0.0055 (0.0059)  time: 0.3027  data: 0.0309  max mem: 2009
Epoch: [4]  [350/442]  eta: 0:00:28  lr: 0.005000  loss: 0.2952 (0.3257)  loss_classifier: 0.1604 (0.1704)  loss_box_reg: 0.1380 (0.1340)  loss_objectness: 0.0100 (0.0155)  loss_rpn_box_reg: 0.0049 (0.0059)  time: 0.3075  data: 0.0301  max mem: 2009
Epoch: [4]  [360/442]  eta: 0:00:25  lr: 0.005000  loss: 0.2904 (0.3247)  loss_classifier: 0.1469 (0.1699)  loss_box_reg: 0.1209 (0.1334)  loss_objectness: 0.0107 (0.0155)  loss_rpn_box_reg: 0.0047 (0.0059)  time: 0.3158  data: 0.0306  max mem: 2009
Epoch: [4]  [370/442]  eta: 0:00:22  lr: 0.005000  loss: 0.2432 (0.3230)  loss_classifier: 0.1220 (0.1692)  loss_box_reg: 0.0936 (0.1325)  loss_objectness: 0.0127 (0.0154)  loss_rpn_box_reg: 0.0053 (0.0059)  time: 0.3153  data: 0.0315  max mem: 2009
Epoch: [4]  [380/442]  eta: 0:00:19  lr: 0.005000  loss: 0.2432 (0.3231)  loss_classifier: 0.1332 (0.1696)  loss_box_reg: 0.0945 (0.1321)  loss_objectness: 0.0134 (0.0155)  loss_rpn_box_reg: 0.0058 (0.0059)  time: 0.3102  data: 0.0308  max mem: 2009
Epoch: [4]  [390/442]  eta: 0:00:16  lr: 0.005000  loss: 0.2584 (0.3229)  loss_classifier: 0.1492 (0.1698)  loss_box_reg: 0.0945 (0.1318)  loss_objectness: 0.0141 (0.0154)  loss_rpn_box_reg: 0.0055 (0.0058)  time: 0.3100  data: 0.0307  max mem: 2009
Epoch: [4]  [400/442]  eta: 0:00:12  lr: 0.005000  loss: 0.2581 (0.3220)  loss_classifier: 0.1492 (0.1693)  loss_box_reg: 0.0994 (0.1314)  loss_objectness: 0.0113 (0.0154)  loss_rpn_box_reg: 0.0047 (0.0058)  time: 0.3108  data: 0.0310  max mem: 2009
Epoch: [4]  [410/442]  eta: 0:00:09  lr: 0.005000  loss: 0.3527 (0.3245)  loss_classifier: 0.1657 (0.1705)  loss_box_reg: 0.1517 (0.1330)  loss_objectness: 0.0083 (0.0152)  loss_rpn_box_reg: 0.0061 (0.0058)  time: 0.2970  data: 0.0301  max mem: 2009
Epoch: [4]  [420/442]  eta: 0:00:06  lr: 0.005000  loss: 0.3796 (0.3259)  loss_classifier: 0.2096 (0.1715)  loss_box_reg: 0.1627 (0.1334)  loss_objectness: 0.0083 (0.0152)  loss_rpn_box_reg: 0.0058 (0.0058)  time: 0.2939  data: 0.0302  max mem: 2009
Epoch: [4]  [430/442]  eta: 0:00:03  lr: 0.005000  loss: 0.3282 (0.3267)  loss_classifier: 0.1772 (0.1718)  loss_box_reg: 0.1347 (0.1340)  loss_objectness: 0.0128 (0.0151)  loss_rpn_box_reg: 0.0052 (0.0058)  time: 0.3021  data: 0.0304  max mem: 2009
Epoch: [4]  [440/442]  eta: 0:00:00  lr: 0.005000  loss: 0.3000 (0.3272)  loss_classifier: 0.1654 (0.1720)  loss_box_reg: 0.1433 (0.1342)  loss_objectness: 0.0133 (0.0152)  loss_rpn_box_reg: 0.0048 (0.0058)  time: 0.3015  data: 0.0303  max mem: 2009
Epoch: [4]  [441/442]  eta: 0:00:00  lr: 0.005000  loss: 0.2708 (0.3270)  loss_classifier: 0.1576 (0.1719)  loss_box_reg: 0.1393 (0.1341)  loss_objectness: 0.0133 (0.0152)  loss_rpn_box_reg: 0.0046 (0.0058)  time: 0.2920  data: 0.0292  max mem: 2009
Epoch: [4] Total time: 0:02:15 (0.3074 s / it)
Training complete!

